<html>
<head>
<title>TestNG:  Test</title>
<link href="../testng.css" rel="stylesheet" type="text/css" />
<link href="../my-testng.css" rel="stylesheet" type="text/css" />

<style type="text/css">
.log { display: none;} 
.stack-trace { display: none;} 
</style>
<script type="text/javascript">
<!--
function flip(e) {
  current = e.style.display;
  if (current == 'block') {
    e.style.display = 'none';
    return 0;
  }
  else {
    e.style.display = 'block';
    return 1;
  }
}

function toggleBox(szDivId, elem, msg1, msg2)
{
  var res = -1;  if (document.getElementById) {
    res = flip(document.getElementById(szDivId));
  }
  else if (document.all) {
    // this is the way old msie versions work
    res = flip(document.all[szDivId]);
  }
  if(elem) {
    if(res == 0) elem.innerHTML = msg1; else elem.innerHTML = msg2;
  }

}

function toggleAllBoxes() {
  if (document.getElementsByTagName) {
    d = document.getElementsByTagName('div');
    for (i = 0; i < d.length; i++) {
      if (d[i].className == 'log') {
        flip(d[i]);
      }
    }
  }
}

// -->
</script>

</head>
<body>
<h2 align='center'>Test</h2><table border='1' align="center">
<tr>
<td>Tests passed/Failed/Skipped:</td><td>0/0/1</td>
</tr><tr>
<td>Started on:</td><td>Thu Mar 21 17:24:36 EDT 2019</td>
</tr>
<tr><td>Total time:</td><td>53 seconds (53383 ms)</td>
</tr><tr>
<td>Included groups:</td><td></td>
</tr><tr>
<td>Excluded groups:</td><td></td>
</tr>
</table><p/>
<small><i>(Hover the method name to see the test class name)</i></small><p/>
<table width='100%' border='1' class='invocation-failed'>
<tr><td colspan='4' align='center'><b>FAILED CONFIGURATIONS</b></td></tr>
<tr><td><b>Test method</b></td>
<td width="30%"><b>Exception</b></td>
<td width="10%"><b>Time (seconds)</b></td>
<td><b>Instance</b></td>
</tr>
<tr>
<td title='twoPLUGS.Demotest.setup()'><b>setup</b><br>Test class: twoPLUGS.Demotest</td>
<td><div><pre>org.openqa.selenium.WebDriverException: Failed to connect to binary FirefoxBinary(C:\Program Files\Mozilla Firefox\firefox.exe) on port 7055; process output follows: 
3203488150	addons.xpi	INFO	Mapping webcompat@mozilla.org to C:\Program Files\Mozilla Firefox\browser\features\webcompat@mozilla.org.xpi
1553203488150	addons.xpi	DEBUG	Existing add-on activity-stream@mozilla.org in app-system-defaults
1553203488152	addons.xpi	DEBUG	Existing add-on aushelper@mozilla.org in app-system-defaults
1553203488152	addons.xpi	DEBUG	Existing add-on firefox@getpocket.com in app-system-defaults
1553203488154	addons.xpi	DEBUG	Existing add-on followonsearch@mozilla.com in app-system-defaults
1553203488154	addons.xpi	DEBUG	Existing add-on formautofill@mozilla.org in app-system-defaults
1553203488156	addons.xpi	DEBUG	Existing add-on onboarding@mozilla.org in app-system-defaults
1553203488156	addons.xpi	DEBUG	Existing add-on screenshots@mozilla.org in app-system-defaults
1553203488158	addons.xpi	DEBUG	Existing add-on shield-recipe-client@mozilla.org in app-system-defaults
1553203488162	addons.xpi	DEBUG	Existing add-on webcompat@mozilla.org in app-system-defaults
1553203488168	addons.xpi	INFO	Mapping {972ce4c6-7e08-4474-a285-3208198ce6fd} to C:\Program Files\Mozilla Firefox\browser\extensions\{972ce4c6-7e08-4474-a285-3208198ce6fd}.xpi
1553203488168	addons.xpi	DEBUG	Existing add-on {972ce4c6-7e08-4474-a285-3208198ce6fd} in app-global
1553203488170	addons.xpi	DEBUG	Existing add-on bdwtwe@bitdefender.com in winreg-app-global
1553203488170	addons.xpi	DEBUG	getInstallState changed: false, state: {}
1553203499046	addons.xpi	DEBUG	Calling bootstrap method shutdown on webcompat@mozilla.org version 1.1
1553203499046	addons.xpi	DEBUG	Calling bootstrap method shutdown on shield-recipe-client@mozilla.org version 80
1553203499048	addons.xpi	DEBUG	Calling bootstrap method shutdown on screenshots@mozilla.org version 25.0.0
1553203499064	addons.xpi	DEBUG	Calling bootstrap method shutdown on onboarding@mozilla.org version 1.0
1553203499066	addons.xpi	DEBUG	Calling bootstrap method shutdown on formautofill@mozilla.org version 1.0
1553203499070	addons.xpi	DEBUG	Calling bootstrap method shutdown on followonsearch@mozilla.com version 0.9.6
1553203499072	addons.xpi	DEBUG	Calling bootstrap method shutdown on firefox@getpocket.com version 1.0.5
1553203499074	addons.xpi	DEBUG	Calling bootstrap method shutdown on aushelper@mozilla.org version 2.0
1553203499074	addons.xpi	DEBUG	Calling bootstrap method shutdown on activity-stream@mozilla.org version 2018.02.17.0026-173e2795
[Parent 29600, Gecko_IOThread] WARNING: pipe error: 109: file z:/build/build/src/ipc/chromium/src/chrome/common/ipc_channel_win.cc, line 346
[Parent 29600, Gecko_IOThread] WARNING: pipe error: 109: file z:/build/build/src/ipc/chromium/src/chrome/common/ipc_channel_win.cc, line 346
[Child 23828, Chrome_ChildThread] WARNING: pipe error: 109: file z:/build/build/src/ipc/chromium/src/chrome/common/ipc_channel_win.cc, line 346
[Parent 29600, Gecko_IOThread] WARNING: pipe error: 109: file z:/build/build/src/ipc/chromium/src/chrome/common/ipc_channel_win.cc, line 346
[Child 30084, Chrome_ChildThread] WARNING: pipe error: 109: file z:/build/build/src/ipc/chromium/src/chrome/common/ipc_channel_win.cc, line 346
[Child 30084, Chrome_Chi1553203499334	addons.manager	DEBUG	shutdown
1553203499336	addons.manager	DEBUG	Calling shutdown blocker for XPIProvider
1553203499336	addons.xpi	DEBUG	shutdown
1553203499336	addons.xpi-utils	DEBUG	shutdown
1553203499338	addons.manager	DEBUG	Calling shutdown blocker for LightweightThemeManager
1553203499338	addons.manager	DEBUG	Calling shutdown blocker for GMPProvider
1553203499338	addons.manager	DEBUG	Calling shutdown blocker for PluginProvider
1553203499340	addons.manager	DEBUG	Calling shutdown blocker for PreviousExperimentProvider
1553203499352	addons.manager	DEBUG	Async provider shutdown done
*** UTM:SVC TimerManager:registerTimer called after profile-before-change notification. Ignoring timer registration for id: telemetry_modules_ping
[GPU 29428, Chrome_ChildThread] WARNING: pipe error: 109: file z:/build/build/sr
###!!! [Child][MessageChannel::SendAndWait] Error: Channel error: cannot send/recv


Build info: version: &apos;2.53.1&apos;, revision: &apos;a36b8b1&apos;, time: &apos;2016-06-30 17:32:46&apos;
System info: host: &apos;LAPTOP-20464U94&apos;, ip: &apos;192.168.0.21&apos;, os.name: &apos;Windows 10&apos;, os.arch: &apos;amd64&apos;, os.version: &apos;10.0&apos;, java.version: &apos;1.8.0_151&apos;
Driver info: driver.version: FirefoxDriver
	at org.openqa.selenium.firefox.internal.NewProfileExtensionConnection.start(NewProfileExtensionConnection.java:124)
	at org.openqa.selenium.firefox.FirefoxDriver.startClient(FirefoxDriver.java:271)
	at org.openqa.selenium.remote.RemoteWebDriver.&lt;init&gt;(RemoteWebDriver.java:119)
	at org.openqa.selenium.firefox.FirefoxDriver.&lt;init&gt;(FirefoxDriver.java:218)
	at org.openqa.selenium.firefox.FirefoxDriver.&lt;init&gt;(FirefoxDriver.java:211)
	at org.openqa.selenium.firefox.FirefoxDriver.&lt;init&gt;(FirefoxDriver.java:207)
	at org.openqa.selenium.firefox.FirefoxDriver.&lt;init&gt;(FirefoxDriver.java:120)
	at twoPLUGS.Demotest.setup(Demotest.java:25)
Caused by: org.openqa.selenium.firefox.NotConnectedException: Unable to connect to host 127.0.0.1 on port 7055 after 45000 ms. Firefox console output:
3203488150	addons.xpi	INFO	Mapping webcompat@mozilla.org to C:\Program Files\Mozilla Firefox\browser\features\webcompat@mozilla.org.xpi
1553203488150	addons.xpi	DEBUG	Existing add-on activity-stream@mozilla.org in app-system-defaults
1553203488152	addons.xpi	DEBUG	Existing add-on aushelper@mozilla.org in app-system-defaults
1553203488152	addons.xpi	DEBUG	Existing add-on firefox@getpocket.com in app-system-defaults
1553203488154	addons.xpi	DEBUG	Existing add-on followonsearch@mozilla.com in app-system-defaults
1553203488154	addons.xpi	DEBUG	Existing add-on formautofill@mozilla.org in app-system-defaults
1553203488156	addons.xpi	DEBUG	Existing add-on onboarding@mozilla.org in app-system-defaults
1553203488156	addons.xpi	DEBUG	Existing add-on screenshots@mozilla.org in app-system-defaults
1553203488158	addons.xpi	DEBUG	Existing add-on shield-recipe-client@mozilla.org in app-system-defaults
1553203488162	addons.xpi	DEBUG	Existing add-on webcompat@mozilla.org in app-system-defaults
1553203488168	addons.xpi	INFO	Mapping {972ce4c6-7e08-4474-a285-3208198ce6fd} to C:\Program Files\Mozilla Firefox\browser\extensions\{972ce4c6-7e08-4474-a285-3208198ce6fd}.xpi
1553203488168	addons.xpi	DEBUG	Existing add-on {972ce4c6-7e08-4474-a285-3208198ce6fd} in app-global
1553203488170	addons.xpi	DEBUG	Existing add-on bdwtwe@bitdefender.com in winreg-app-global
1553203488170	addons.xpi	DEBUG	getInstallState changed: false, state: {}
1553203499046	addons.xpi	DEBUG	Calling bootstrap method shutdown on webcompat@mozilla.org version 1.1
1553203499046	addons.xpi	DEBUG	Calling bootstrap method shutdown on shield-recipe-client@mozilla.org version 80
1553203499048	addons.xpi	DEBUG	Calling bootstrap method shutdown on screenshots@mozilla.org version 25.0.0
1553203499064	addons.xpi	DEBUG	Calling bootstrap method shutdown on onboarding@mozilla.org version 1.0
1553203499066	addons.xpi	DEBUG	Calling bootstrap method shutdown on formautofill@mozilla.org version 1.0
1553203499070	addons.xpi	DEBUG	Calling bootstrap method shutdown on followonsearch@mozilla.com version 0.9.6
1553203499072	addons.xpi	DEBUG	Calling bootstrap method shutdown on firefox@getpocket.com version 1.0.5
1553203499074	addons.xpi	DEBUG	Calling bootstrap method shutdown on aushelper@mozilla.org version 2.0
1553203499074	addons.xpi	DEBUG	Calling bootstrap method shutdown on activity-stream@mozilla.org version 2018.02.17.0026-173e2795
[Parent 29600, Gecko_IOThread] WARNING: pipe error: 109: file z:/build/build/src/ipc/chromium/src/chrome/common/ipc_channel_win.cc, line 346
[Parent 29600, Gecko_IOThread] WARNING: pipe error: 109: file z:/build/build/src/ipc/chromium/src/chrome/common/ipc_channel_win.cc, line 346
[Child 23828, Chrome_ChildThread] WARNING: pipe error: 109: file z:/build/build/src/ipc/chromium/src/chrome/common/ipc_channel_win.cc, line 346
[Parent 29600, Gecko_IOThread] WARNING: pipe error: 109: file z:/build/build/src/ipc/chromium/src/chrome/common/ipc_channel_win.cc, line 346
[Child 30084, Chrome_ChildThread] WARNING: pipe error: 109: file z:/build/build/src/ipc/chromium/src/chrome/common/ipc_channel_win.cc, line 346
[Child 30084, Chrome_Chi1553203499334	addons.manager	DEBUG	shutdown
1553203499336	addons.manager	DEBUG	Calling shutdown blocker for XPIProvider
1553203499336	addons.xpi	DEBUG	shutdown
1553203499336	addons.xpi-utils	DEBUG	shutdown
1553203499338	addons.manager	DEBUG	Calling shutdown blocker for LightweightThemeManager
1553203499338	addons.manager	DEBUG	Calling shutdown blocker for GMPProvider
1553203499338	addons.manager	DEBUG	Calling shutdown blocker for PluginProvider
1553203499340	addons.manager	DEBUG	Calling shutdown blocker for PreviousExperimentProvider
1553203499352	addons.manager	DEBUG	Async provider shutdown done
*** UTM:SVC TimerManager:registerTimer called after profile-before-change notification. Ignoring timer registration for id: telemetry_modules_ping
[GPU 29428, Chrome_ChildThread] WARNING: pipe error: 109: file z:/build/build/sr
###!!! [Child][MessageChannel::SendAndWait] Error: Channel error: cannot send/recv


	at org.openqa.selenium.firefox.internal.NewProfileExtensionConnection.start(NewProfileExtensionConnection.java:112)
	... 32 more
... Removed 25 stack frames</pre></div><a href='#' onClick='toggleBox("stack-trace1448525331", this, "Click to show all stack frames", "Click to hide stack frames")'>Click to show all stack frames</a>
<div class='stack-trace' id='stack-trace1448525331'><pre>org.openqa.selenium.WebDriverException: Failed to connect to binary FirefoxBinary(C:\Program Files\Mozilla Firefox\firefox.exe) on port 7055; process output follows: 
3203488150	addons.xpi	INFO	Mapping webcompat@mozilla.org to C:\Program Files\Mozilla Firefox\browser\features\webcompat@mozilla.org.xpi
1553203488150	addons.xpi	DEBUG	Existing add-on activity-stream@mozilla.org in app-system-defaults
1553203488152	addons.xpi	DEBUG	Existing add-on aushelper@mozilla.org in app-system-defaults
1553203488152	addons.xpi	DEBUG	Existing add-on firefox@getpocket.com in app-system-defaults
1553203488154	addons.xpi	DEBUG	Existing add-on followonsearch@mozilla.com in app-system-defaults
1553203488154	addons.xpi	DEBUG	Existing add-on formautofill@mozilla.org in app-system-defaults
1553203488156	addons.xpi	DEBUG	Existing add-on onboarding@mozilla.org in app-system-defaults
1553203488156	addons.xpi	DEBUG	Existing add-on screenshots@mozilla.org in app-system-defaults
1553203488158	addons.xpi	DEBUG	Existing add-on shield-recipe-client@mozilla.org in app-system-defaults
1553203488162	addons.xpi	DEBUG	Existing add-on webcompat@mozilla.org in app-system-defaults
1553203488168	addons.xpi	INFO	Mapping {972ce4c6-7e08-4474-a285-3208198ce6fd} to C:\Program Files\Mozilla Firefox\browser\extensions\{972ce4c6-7e08-4474-a285-3208198ce6fd}.xpi
1553203488168	addons.xpi	DEBUG	Existing add-on {972ce4c6-7e08-4474-a285-3208198ce6fd} in app-global
1553203488170	addons.xpi	DEBUG	Existing add-on bdwtwe@bitdefender.com in winreg-app-global
1553203488170	addons.xpi	DEBUG	getInstallState changed: false, state: {}
1553203499046	addons.xpi	DEBUG	Calling bootstrap method shutdown on webcompat@mozilla.org version 1.1
1553203499046	addons.xpi	DEBUG	Calling bootstrap method shutdown on shield-recipe-client@mozilla.org version 80
1553203499048	addons.xpi	DEBUG	Calling bootstrap method shutdown on screenshots@mozilla.org version 25.0.0
1553203499064	addons.xpi	DEBUG	Calling bootstrap method shutdown on onboarding@mozilla.org version 1.0
1553203499066	addons.xpi	DEBUG	Calling bootstrap method shutdown on formautofill@mozilla.org version 1.0
1553203499070	addons.xpi	DEBUG	Calling bootstrap method shutdown on followonsearch@mozilla.com version 0.9.6
1553203499072	addons.xpi	DEBUG	Calling bootstrap method shutdown on firefox@getpocket.com version 1.0.5
1553203499074	addons.xpi	DEBUG	Calling bootstrap method shutdown on aushelper@mozilla.org version 2.0
1553203499074	addons.xpi	DEBUG	Calling bootstrap method shutdown on activity-stream@mozilla.org version 2018.02.17.0026-173e2795
[Parent 29600, Gecko_IOThread] WARNING: pipe error: 109: file z:/build/build/src/ipc/chromium/src/chrome/common/ipc_channel_win.cc, line 346
[Parent 29600, Gecko_IOThread] WARNING: pipe error: 109: file z:/build/build/src/ipc/chromium/src/chrome/common/ipc_channel_win.cc, line 346
[Child 23828, Chrome_ChildThread] WARNING: pipe error: 109: file z:/build/build/src/ipc/chromium/src/chrome/common/ipc_channel_win.cc, line 346
[Parent 29600, Gecko_IOThread] WARNING: pipe error: 109: file z:/build/build/src/ipc/chromium/src/chrome/common/ipc_channel_win.cc, line 346
[Child 30084, Chrome_ChildThread] WARNING: pipe error: 109: file z:/build/build/src/ipc/chromium/src/chrome/common/ipc_channel_win.cc, line 346
[Child 30084, Chrome_Chi1553203499334	addons.manager	DEBUG	shutdown
1553203499336	addons.manager	DEBUG	Calling shutdown blocker for XPIProvider
1553203499336	addons.xpi	DEBUG	shutdown
1553203499336	addons.xpi-utils	DEBUG	shutdown
1553203499338	addons.manager	DEBUG	Calling shutdown blocker for LightweightThemeManager
1553203499338	addons.manager	DEBUG	Calling shutdown blocker for GMPProvider
1553203499338	addons.manager	DEBUG	Calling shutdown blocker for PluginProvider
1553203499340	addons.manager	DEBUG	Calling shutdown blocker for PreviousExperimentProvider
1553203499352	addons.manager	DEBUG	Async provider shutdown done
*** UTM:SVC TimerManager:registerTimer called after profile-before-change notification. Ignoring timer registration for id: telemetry_modules_ping
[GPU 29428, Chrome_ChildThread] WARNING: pipe error: 109: file z:/build/build/sr
###!!! [Child][MessageChannel::SendAndWait] Error: Channel error: cannot send/recv


Build info: version: &apos;2.53.1&apos;, revision: &apos;a36b8b1&apos;, time: &apos;2016-06-30 17:32:46&apos;
System info: host: &apos;LAPTOP-20464U94&apos;, ip: &apos;192.168.0.21&apos;, os.name: &apos;Windows 10&apos;, os.arch: &apos;amd64&apos;, os.version: &apos;10.0&apos;, java.version: &apos;1.8.0_151&apos;
Driver info: driver.version: FirefoxDriver
	at org.openqa.selenium.firefox.internal.NewProfileExtensionConnection.start(NewProfileExtensionConnection.java:124)
	at org.openqa.selenium.firefox.FirefoxDriver.startClient(FirefoxDriver.java:271)
	at org.openqa.selenium.remote.RemoteWebDriver.&lt;init&gt;(RemoteWebDriver.java:119)
	at org.openqa.selenium.firefox.FirefoxDriver.&lt;init&gt;(FirefoxDriver.java:218)
	at org.openqa.selenium.firefox.FirefoxDriver.&lt;init&gt;(FirefoxDriver.java:211)
	at org.openqa.selenium.firefox.FirefoxDriver.&lt;init&gt;(FirefoxDriver.java:207)
	at org.openqa.selenium.firefox.FirefoxDriver.&lt;init&gt;(FirefoxDriver.java:120)
	at twoPLUGS.Demotest.setup(Demotest.java:25)
	at sun.reflect.NativeMethodAccessorImpl.invoke0(Native Method)
	at sun.reflect.NativeMethodAccessorImpl.invoke(NativeMethodAccessorImpl.java:62)
	at sun.reflect.DelegatingMethodAccessorImpl.invoke(DelegatingMethodAccessorImpl.java:43)
	at java.lang.reflect.Method.invoke(Method.java:498)
	at org.testng.internal.MethodInvocationHelper.invokeMethod(MethodInvocationHelper.java:85)
	at org.testng.internal.Invoker.invokeConfigurationMethod(Invoker.java:510)
	at org.testng.internal.Invoker.invokeConfigurations(Invoker.java:211)
	at org.testng.internal.Invoker.invokeMethod(Invoker.java:585)
	at org.testng.internal.Invoker.invokeTestMethod(Invoker.java:816)
	at org.testng.internal.Invoker.invokeTestMethods(Invoker.java:1124)
	at org.testng.internal.TestMethodWorker.invokeTestMethods(TestMethodWorker.java:125)
	at org.testng.internal.TestMethodWorker.run(TestMethodWorker.java:108)
	at org.testng.TestRunner.privateRun(TestRunner.java:774)
	at org.testng.TestRunner.run(TestRunner.java:624)
	at org.testng.SuiteRunner.runTest(SuiteRunner.java:359)
	at org.testng.SuiteRunner.runSequentially(SuiteRunner.java:354)
	at org.testng.SuiteRunner.privateRun(SuiteRunner.java:312)
	at org.testng.SuiteRunner.run(SuiteRunner.java:261)
	at org.testng.SuiteRunnerWorker.runSuite(SuiteRunnerWorker.java:52)
	at org.testng.SuiteRunnerWorker.run(SuiteRunnerWorker.java:86)
	at org.testng.TestNG.runSuitesSequentially(TestNG.java:1215)
	at org.testng.TestNG.runSuitesLocally(TestNG.java:1140)
	at org.testng.TestNG.run(TestNG.java:1048)
	at org.testng.TestNG.privateMain(TestNG.java:1355)
	at org.testng.TestNG.main(TestNG.java:1324)
Caused by: org.openqa.selenium.firefox.NotConnectedException: Unable to connect to host 127.0.0.1 on port 7055 after 45000 ms. Firefox console output:
3203488150	addons.xpi	INFO	Mapping webcompat@mozilla.org to C:\Program Files\Mozilla Firefox\browser\features\webcompat@mozilla.org.xpi
1553203488150	addons.xpi	DEBUG	Existing add-on activity-stream@mozilla.org in app-system-defaults
1553203488152	addons.xpi	DEBUG	Existing add-on aushelper@mozilla.org in app-system-defaults
1553203488152	addons.xpi	DEBUG	Existing add-on firefox@getpocket.com in app-system-defaults
1553203488154	addons.xpi	DEBUG	Existing add-on followonsearch@mozilla.com in app-system-defaults
1553203488154	addons.xpi	DEBUG	Existing add-on formautofill@mozilla.org in app-system-defaults
1553203488156	addons.xpi	DEBUG	Existing add-on onboarding@mozilla.org in app-system-defaults
1553203488156	addons.xpi	DEBUG	Existing add-on screenshots@mozilla.org in app-system-defaults
1553203488158	addons.xpi	DEBUG	Existing add-on shield-recipe-client@mozilla.org in app-system-defaults
1553203488162	addons.xpi	DEBUG	Existing add-on webcompat@mozilla.org in app-system-defaults
1553203488168	addons.xpi	INFO	Mapping {972ce4c6-7e08-4474-a285-3208198ce6fd} to C:\Program Files\Mozilla Firefox\browser\extensions\{972ce4c6-7e08-4474-a285-3208198ce6fd}.xpi
1553203488168	addons.xpi	DEBUG	Existing add-on {972ce4c6-7e08-4474-a285-3208198ce6fd} in app-global
1553203488170	addons.xpi	DEBUG	Existing add-on bdwtwe@bitdefender.com in winreg-app-global
1553203488170	addons.xpi	DEBUG	getInstallState changed: false, state: {}
1553203499046	addons.xpi	DEBUG	Calling bootstrap method shutdown on webcompat@mozilla.org version 1.1
1553203499046	addons.xpi	DEBUG	Calling bootstrap method shutdown on shield-recipe-client@mozilla.org version 80
1553203499048	addons.xpi	DEBUG	Calling bootstrap method shutdown on screenshots@mozilla.org version 25.0.0
1553203499064	addons.xpi	DEBUG	Calling bootstrap method shutdown on onboarding@mozilla.org version 1.0
1553203499066	addons.xpi	DEBUG	Calling bootstrap method shutdown on formautofill@mozilla.org version 1.0
1553203499070	addons.xpi	DEBUG	Calling bootstrap method shutdown on followonsearch@mozilla.com version 0.9.6
1553203499072	addons.xpi	DEBUG	Calling bootstrap method shutdown on firefox@getpocket.com version 1.0.5
1553203499074	addons.xpi	DEBUG	Calling bootstrap method shutdown on aushelper@mozilla.org version 2.0
1553203499074	addons.xpi	DEBUG	Calling bootstrap method shutdown on activity-stream@mozilla.org version 2018.02.17.0026-173e2795
[Parent 29600, Gecko_IOThread] WARNING: pipe error: 109: file z:/build/build/src/ipc/chromium/src/chrome/common/ipc_channel_win.cc, line 346
[Parent 29600, Gecko_IOThread] WARNING: pipe error: 109: file z:/build/build/src/ipc/chromium/src/chrome/common/ipc_channel_win.cc, line 346
[Child 23828, Chrome_ChildThread] WARNING: pipe error: 109: file z:/build/build/src/ipc/chromium/src/chrome/common/ipc_channel_win.cc, line 346
[Parent 29600, Gecko_IOThread] WARNING: pipe error: 109: file z:/build/build/src/ipc/chromium/src/chrome/common/ipc_channel_win.cc, line 346
[Child 30084, Chrome_ChildThread] WARNING: pipe error: 109: file z:/build/build/src/ipc/chromium/src/chrome/common/ipc_channel_win.cc, line 346
[Child 30084, Chrome_Chi1553203499334	addons.manager	DEBUG	shutdown
1553203499336	addons.manager	DEBUG	Calling shutdown blocker for XPIProvider
1553203499336	addons.xpi	DEBUG	shutdown
1553203499336	addons.xpi-utils	DEBUG	shutdown
1553203499338	addons.manager	DEBUG	Calling shutdown blocker for LightweightThemeManager
1553203499338	addons.manager	DEBUG	Calling shutdown blocker for GMPProvider
1553203499338	addons.manager	DEBUG	Calling shutdown blocker for PluginProvider
1553203499340	addons.manager	DEBUG	Calling shutdown blocker for PreviousExperimentProvider
1553203499352	addons.manager	DEBUG	Async provider shutdown done
*** UTM:SVC TimerManager:registerTimer called after profile-before-change notification. Ignoring timer registration for id: telemetry_modules_ping
[GPU 29428, Chrome_ChildThread] WARNING: pipe error: 109: file z:/build/build/sr
###!!! [Child][MessageChannel::SendAndWait] Error: Channel error: cannot send/recv


	at org.openqa.selenium.firefox.internal.NewProfileExtensionConnection.start(NewProfileExtensionConnection.java:112)
	... 32 more
</pre></div></td>
<td>0</td>
<td>twoPLUGS.Demotest@591f989e</td></tr>
</table><p>
<table width='100%' border='1' class='invocation-skipped'>
<tr><td colspan='4' align='center'><b>SKIPPED CONFIGURATIONS</b></td></tr>
<tr><td><b>Test method</b></td>
<td width="30%"><b>Exception</b></td>
<td width="10%"><b>Time (seconds)</b></td>
<td><b>Instance</b></td>
</tr>
<tr>
<td title='twoPLUGS.Demotest.teardown()'><b>teardown</b><br>Test class: twoPLUGS.Demotest</td>
<td></td>
<td>0</td>
<td>twoPLUGS.Demotest@591f989e</td></tr>
</table><p>
<table width='100%' border='1' class='invocation-skipped'>
<tr><td colspan='4' align='center'><b>SKIPPED TESTS</b></td></tr>
<tr><td><b>Test method</b></td>
<td width="30%"><b>Exception</b></td>
<td width="10%"><b>Time (seconds)</b></td>
<td><b>Instance</b></td>
</tr>
<tr>
<td title='twoPLUGS.Demotest.verifyinvalidLogin()'><b>verifyinvalidLogin</b><br>Test class: twoPLUGS.Demotest</td>
<td></td>
<td>0</td>
<td>twoPLUGS.Demotest@591f989e</td></tr>
</table><p>
</body>
</html>